producer_class	xtools.gsea.Gsea
producer_timestamp	1391359809991
param	collapse	false
param	cls	/Users/davebridges/Documents/Source/CushingAcromegalyStudy/data/processed/GSEA_pheno_acromegaly.cls#Control_versus_Acromegaly
param	plot_top_x	20
param	norm	meandiv
param	save_rnd_lists	false
param	median	false
param	num	100
param	scoring_scheme	weighted
param	make_sets	true
param	mode	Max_probe
param	gmx	gseaftp.broadinstitute.org://pub/gsea/gene_sets/c2.cp.reactome.v4.0.symbols.gmt
param	gui	false
param	metric	tTest
param	rpt_label	AcromegalyReactome
param	help	false
param	order	ascending
param	out	/Users/davebridges/gsea_home/output/feb02
param	permute	phenotype
param	rnd_type	no_balance
param	set_min	15
param	include_only_symbols	true
param	sort	real
param	rnd_seed	timestamp
param	nperm	1000
param	zip_report	false
param	set_max	500
param	res	/Users/davebridges/Documents/Source/CushingAcromegalyStudy/data/processed/GSEA_Acromegaly_input_htseq_DEseq2.txt

file	/Users/davebridges/gsea_home/output/feb02/AcromegalyReactome.Gsea.1391359809991/index.html
