producer_class	xtools.gsea.Gsea
producer_timestamp	1392742310108
param	collapse	false
param	cls	/Users/davebridges/Documents/Source/CushingAcromegalyStudy/data/processed/GSEA_pheno_cushing.cls#Cushing_versus_Control
param	plot_top_x	20
param	norm	meandiv
param	save_rnd_lists	false
param	median	false
param	num	100
param	scoring_scheme	weighted
param	make_sets	true
param	mode	Max_probe
param	gmx	gseaftp.broadinstitute.org://pub/gsea/gene_sets/c5.mf.v4.0.symbols.gmt
param	gui	false
param	chip	gseaftp.broadinstitute.org://pub/gsea/annotations/GENE_SYMBOL.chip
param	metric	tTest
param	rpt_label	Cushing_GO_MF
param	help	false
param	order	descending
param	out	/Users/davebridges/gsea_home/output/feb18
param	permute	gene_set
param	rnd_type	no_balance
param	set_min	15
param	include_only_symbols	true
param	sort	real
param	rnd_seed	timestamp
param	nperm	1000
param	zip_report	false
param	set_max	500
param	res	/Users/davebridges/Documents/Source/CushingAcromegalyStudy/data/processed/GSEA_Cushing_input_htseq_DEseq2.txt

file	/Users/davebridges/gsea_home/output/feb18/Cushing_GO_MF.Gsea.1392742310108/index.html
