producer_class	xtools.gsea.GseaPreranked
producer_timestamp	1409926903802
param	collapse	false
param	plot_top_x	24
param	rnk	/Users/Quynh/NextGenSeq/CushingAcromegalyStudy/data/processed/GSEA_Acromegaly_age60-100_adjusted_prerank_FC.rnk
param	norm	meandiv
param	scoring_scheme	classic
param	make_sets	true
param	mode	Max_probe
param	gmx	gseaftp.broadinstitute.org://pub/gsea/gene_sets/c3.tft.v4.0.symbols.gmt
param	gui	false
param	chip	gseaftp.broadinstitute.org://pub/gsea/annotations/GENE_SYMBOL.chip
param	rpt_label	Acro_age60_100_TFT
param	help	false
param	out	/Users/Quynh/gsea_home/output/sep04
param	include_only_symbols	true
param	set_min	15
param	nperm	1000
param	rnd_seed	149
param	zip_report	false
param	set_max	500

file	/Users/Quynh/gsea_home/output/sep04/Acro_age60_100_TFT.GseaPreranked.1409926903802/index.html
