producer_class	xtools.gsea.Gsea
producer_timestamp	1389045881613
param	collapse	false
param	cls	/Users/vphan/Quynh/NextGenSeq/CushingAcromegalyStudy/GSEA/GSEA_pheno_Acromegaly.cls#ACRO_versus_CON
param	plot_top_x	20
param	norm	meandiv
param	save_rnd_lists	false
param	median	false
param	num	100
param	scoring_scheme	weighted
param	make_sets	true
param	mode	Max_probe
param	gmx	gseaftp.broadinstitute.org://pub/gsea/gene_sets/c5.all.v4.0.symbols.gmt
param	gui	false
param	metric	Ratio_of_Classes
param	rpt_label	Acromegaly_vs_CON
param	help	false
param	order	descending
param	out	/Users/vphan/Quynh/NextGenSeq/CushingAcromegalyStudy/GSEA
param	permute	phenotype
param	rnd_type	no_balance
param	set_min	15
param	include_only_symbols	true
param	sort	real
param	rnd_seed	timestamp
param	nperm	1000
param	zip_report	false
param	set_max	500
param	res	/Users/vphan/Quynh/NextGenSeq/CushingAcromegalyStudy/GSEA/GSEA_expression_input_Acromegaly.txt

file	/Users/vphan/Quynh/NextGenSeq/CushingAcromegalyStudy/GSEA/Acromegaly_vs_CON.Gsea.1389045881613/index.html
