producer_class	xtools.gsea.GseaPreranked
producer_timestamp	1407927001757
param	collapse	false
param	plot_top_x	30
param	rnk	/Users/vphan/Quynh/NextGenSeq/CushingAcroStudy/data/processed/GSEA_Cushing_BMI_adjusted_prerank_FC.rnk
param	norm	meandiv
param	scoring_scheme	weighted
param	make_sets	true
param	mode	Max_probe
param	gmx	gseaftp.broadinstitute.org://pub/gsea/gene_sets/c3.tft.v4.0.symbols.gmt
param	gui	false
param	chip	gseaftp.broadinstitute.org://pub/gsea/annotations/GENE_SYMBOL.chip
param	rpt_label	Cushing_Interaction_TFT
param	help	false
param	out	/Users/vphan/gsea_home/output/aug13
param	include_only_symbols	true
param	set_min	15
param	nperm	1000
param	rnd_seed	149
param	zip_report	false
param	set_max	500

file	/Users/vphan/gsea_home/output/aug13/Cushing_Interaction_TFT.GseaPreranked.1407927001757/index.html
