producer_class	xtools.gsea.GseaPreranked
producer_timestamp	1395776558489
param	collapse	false
param	plot_top_x	50
param	rnk	/Users/vphan/Quynh/NextGenSeq/CushingAcroStudy/data/processed/GSEA_Acromegaly_prerank_FC.rnk
param	norm	meandiv
param	scoring_scheme	weighted
param	make_sets	true
param	mode	Max_probe
param	gmx	gseaftp.broadinstitute.org://pub/gsea/gene_sets/c3.tft.v4.0.symbols.gmt
param	gui	false
param	rpt_label	Acromegaly_TFT_prerank_FC
param	help	false
param	out	/Users/vphan/gsea_home/output/mar25
param	include_only_symbols	true
param	set_min	15
param	nperm	1000
param	rnd_seed	149
param	zip_report	false
param	set_max	500

file	/Users/vphan/gsea_home/output/mar25/Acromegaly_TFT_prerank_FC.GseaPreranked.1395776558489/index.html
