producer_class	xtools.gsea.GseaPreranked
producer_timestamp	1410302060309
param	collapse	false
param	plot_top_x	57
param	rnk	/Users/Quynh/NextGenSeq/CushingAcromegalyStudy/data/processed/GSEA_Cushing_Obese_prerank_FC.rnk
param	norm	meandiv
param	scoring_scheme	classic
param	make_sets	true
param	mode	Max_probe
param	gmx	gseaftp.broadinstitute.org://pub/gsea/gene_sets/c3.tft.v4.0.symbols.gmt
param	gui	false
param	chip	gseaftp.broadinstitute.org://pub/gsea/annotations/GENE_SYMBOL.chip
param	rpt_label	Cushing_Obese_TFT
param	help	false
param	out	/Users/Quynh/gsea_home/output/sep09
param	include_only_symbols	true
param	set_min	15
param	nperm	1000
param	rnd_seed	149
param	zip_report	false
param	set_max	500

file	/Users/Quynh/gsea_home/output/sep09/Cushing_Obese_TFT.GseaPreranked.1410302060309/index.html
