producer_class	xtools.gsea.GseaPreranked
producer_timestamp	1394766450950
param	collapse	false
param	plot_top_x	20
param	rnk	/Users/vphan/Quynh/NextGenSeq/CushingAcroStudy/data/processed/GSEA_Acromegaly_prerank.rnk
param	norm	meandiv
param	scoring_scheme	weighted
param	make_sets	true
param	mode	Max_probe
param	gmx	gseaftp.broadinstitute.org://pub/gsea/gene_sets/c5.all.v4.0.symbols.gmt
param	gui	false
param	rpt_label	Acromegaly_GO
param	help	false
param	out	/Users/vphan/gsea_home/output/mar13
param	include_only_symbols	true
param	set_min	15
param	nperm	1000
param	rnd_seed	149
param	zip_report	false
param	set_max	500

file	/Users/vphan/gsea_home/output/mar13/Acromegaly_GO.GseaPreranked.1394766450950/index.html
